<?xml version="1.0" encoding="UTF-8"?>
<coverage generated="1747292215391" clover="3.2.0">
  <project timestamp="1747292215391" name="All files">
    <metrics statements="31" coveredstatements="31" conditionals="8" coveredconditionals="5" methods="9" coveredmethods="9" elements="48" coveredelements="45" complexity="0" loc="31" ncloc="31" packages="1" files="1" classes="1"/>
    <file name="utils.ts" path="/Users/zjx/Documents/Project/mall-velocity-fe/src/lib/utils.ts">
      <metrics statements="31" coveredstatements="31" conditionals="8" coveredconditionals="5" methods="9" coveredmethods="9"/>
      <line num="8" count="1" type="cond" truecount="0" falsecount="1"/>
      <line num="9" count="4" type="stmt"/>
      <line num="10" count="4" type="stmt"/>
      <line num="11" count="6" type="cond" truecount="2" falsecount="0"/>
      <line num="12" count="5" type="stmt"/>
      <line num="13" count="5" type="stmt"/>
      <line num="14" count="3" type="stmt"/>
      <line num="17" count="1" type="stmt"/>
      <line num="28" count="1" type="cond" truecount="0" falsecount="1"/>
      <line num="29" count="5" type="stmt"/>
      <line num="31" count="5" type="stmt"/>
      <line num="32" count="11" type="cond" truecount="1" falsecount="0"/>
      <line num="33" count="8" type="stmt"/>
      <line num="34" count="8" type="stmt"/>
      <line num="36" count="8" type="stmt"/>
      <line num="37" count="8" type="stmt"/>
      <line num="49" count="1" type="cond" truecount="0" falsecount="1"/>
      <line num="50" count="3" type="stmt"/>
      <line num="51" count="3" type="stmt"/>
      <line num="52" count="3" type="stmt"/>
      <line num="53" count="3" type="stmt"/>
      <line num="54" count="5" type="stmt"/>
      <line num="55" count="5" type="stmt"/>
      <line num="56" count="5" type="stmt"/>
      <line num="58" count="5" type="cond" truecount="2" falsecount="0"/>
      <line num="59" count="4" type="stmt"/>
      <line num="60" count="4" type="stmt"/>
      <line num="62" count="1" type="stmt"/>
      <line num="63" count="1" type="stmt"/>
      <line num="67" count="3" type="stmt"/>
      <line num="70" count="1" type="stmt"/>
    </file>
  </project>
</coverage>
