{"/Users/zjx/Documents/Project/mall-velocity-fe/src/lib/utils.ts": {"path":"/Users/zjx/Documents/Project/mall-velocity-fe/src/lib/utils.ts","statementMap":{"0":{"start":{"line":8,"column":0},"end":{"line":8,"column":16}},"1":{"start":{"line":28,"column":0},"end":{"line":28,"column":16}},"2":{"start":{"line":49,"column":0},"end":{"line":49,"column":16}},"3":{"start":{"line":9,"column":33},"end":{"line":9,"column":37}},"4":{"start":{"line":10,"column":1},"end":{"line":19,"column":3}},"5":{"start":{"line":11,"column":2},"end":{"line":18,"column":3}},"6":{"start":{"line":12,"column":3},"end":{"line":12,"column":21}},"7":{"start":{"line":13,"column":3},"end":{"line":15,"column":11}},"8":{"start":{"line":14,"column":4},"end":{"line":14,"column":16}},"9":{"start":{"line":17,"column":3},"end":{"line":17,"column":15}},"10":{"start":{"line":29,"column":16},"end":{"line":29,"column":21}},"11":{"start":{"line":31,"column":1},"end":{"line":40,"column":3}},"12":{"start":{"line":32,"column":2},"end":{"line":39,"column":3}},"13":{"start":{"line":33,"column":3},"end":{"line":33,"column":19}},"14":{"start":{"line":34,"column":3},"end":{"line":34,"column":15}},"15":{"start":{"line":36,"column":3},"end":{"line":38,"column":11}},"16":{"start":{"line":37,"column":4},"end":{"line":37,"column":21}},"17":{"start":{"line":50,"column":12},"end":{"line":50,"column":13}},"18":{"start":{"line":51,"column":11},"end":{"line":51,"column":15}},"19":{"start":{"line":52,"column":33},"end":{"line":52,"column":37}},"20":{"start":{"line":53,"column":15},"end":{"line":66,"column":2}},"21":{"start":{"line":54,"column":2},"end":{"line":54,"column":20}},"22":{"start":{"line":55,"column":2},"end":{"line":55,"column":19}},"23":{"start":{"line":56,"column":19},"end":{"line":56,"column":29}},"24":{"start":{"line":58,"column":2},"end":{"line":65,"column":3}},"25":{"start":{"line":59,"column":3},"end":{"line":59,"column":14}},"26":{"start":{"line":60,"column":3},"end":{"line":60,"column":15}},"27":{"start":{"line":62,"column":3},"end":{"line":64,"column":16}},"28":{"start":{"line":63,"column":4},"end":{"line":63,"column":19}},"29":{"start":{"line":67,"column":1},"end":{"line":67,"column":14}},"30":{"start":{"line":70,"column":0},"end":{"line":74,"column":2}}},"fnMap":{"0":{"name":"debounce","decl":{"start":{"line":8,"column":16},"end":{"line":8,"column":24}},"loc":{"start":{"line":8,"column":63},"end":{"line":20,"column":1}}},"1":{"name":"(anonymous_1)","decl":{"start":{"line":10,"column":8},"end":{"line":10,"column":9}},"loc":{"start":{"line":10,"column":27},"end":{"line":19,"column":2}}},"2":{"name":"(anonymous_2)","decl":{"start":{"line":13,"column":19},"end":{"line":13,"column":22}},"loc":{"start":{"line":13,"column":24},"end":{"line":15,"column":4}}},"3":{"name":"throttle","decl":{"start":{"line":28,"column":16},"end":{"line":28,"column":24}},"loc":{"start":{"line":28,"column":63},"end":{"line":41,"column":1}}},"4":{"name":"(anonymous_4)","decl":{"start":{"line":31,"column":8},"end":{"line":31,"column":9}},"loc":{"start":{"line":31,"column":27},"end":{"line":40,"column":2}}},"5":{"name":"(anonymous_5)","decl":{"start":{"line":36,"column":14},"end":{"line":36,"column":17}},"loc":{"start":{"line":36,"column":19},"end":{"line":38,"column":4}}},"6":{"name":"frequency","decl":{"start":{"line":49,"column":16},"end":{"line":49,"column":25}},"loc":{"start":{"line":49,"column":64},"end":{"line":68,"column":1}}},"7":{"name":"(anonymous_7)","decl":{"start":{"line":53,"column":15},"end":{"line":53,"column":16}},"loc":{"start":{"line":53,"column":34},"end":{"line":66,"column":2}}},"8":{"name":"(anonymous_8)","decl":{"start":{"line":62,"column":19},"end":{"line":62,"column":22}},"loc":{"start":{"line":62,"column":24},"end":{"line":64,"column":4}}}},"branchMap":{"0":{"loc":{"start":{"line":8,"column":55},"end":{"line":8,"column":63}},"type":"default-arg","locations":[{"start":{"line":8,"column":61},"end":{"line":8,"column":63}}]},"1":{"loc":{"start":{"line":11,"column":2},"end":{"line":18,"column":3}},"type":"if","locations":[{"start":{"line":11,"column":2},"end":{"line":18,"column":3}},{"start":{"line":16,"column":9},"end":{"line":18,"column":3}}]},"2":{"loc":{"start":{"line":28,"column":55},"end":{"line":28,"column":63}},"type":"default-arg","locations":[{"start":{"line":28,"column":61},"end":{"line":28,"column":63}}]},"3":{"loc":{"start":{"line":32,"column":2},"end":{"line":39,"column":3}},"type":"if","locations":[{"start":{"line":32,"column":2},"end":{"line":39,"column":3}}]},"4":{"loc":{"start":{"line":49,"column":56},"end":{"line":49,"column":64}},"type":"default-arg","locations":[{"start":{"line":49,"column":62},"end":{"line":49,"column":64}}]},"5":{"loc":{"start":{"line":58,"column":2},"end":{"line":65,"column":3}},"type":"if","locations":[{"start":{"line":58,"column":2},"end":{"line":65,"column":3}},{"start":{"line":61,"column":9},"end":{"line":65,"column":3}}]}},"s":{"0":1,"1":1,"2":1,"3":4,"4":4,"5":6,"6":5,"7":5,"8":3,"9":1,"10":0,"11":0,"12":0,"13":0,"14":0,"15":0,"16":0,"17":0,"18":0,"19":0,"20":0,"21":0,"22":0,"23":0,"24":0,"25":0,"26":0,"27":0,"28":0,"29":0,"30":1},"f":{"0":4,"1":6,"2":3,"3":0,"4":0,"5":0,"6":0,"7":0,"8":0},"b":{"0":[0],"1":[5,1],"2":[0],"3":[0],"4":[0],"5":[0,0]}}
}
