TN:
SF:src/lib/utils.ts
FN:8,debounce
FN:10,(anonymous_1)
FN:13,(anonymous_2)
FN:28,throttle
FN:31,(anonymous_4)
FN:36,(anonymous_5)
FN:49,frequency
FN:53,(anonymous_7)
FN:62,(anonymous_8)
FNF:9
FNH:9
FNDA:4,debounce
FNDA:6,(anonymous_1)
FNDA:3,(anonymous_2)
FNDA:5,throttle
FNDA:11,(anonymous_4)
FNDA:8,(anonymous_5)
FNDA:3,frequency
FNDA:5,(anonymous_7)
FNDA:1,(anonymous_8)
DA:8,1
DA:9,4
DA:10,4
DA:11,6
DA:12,5
DA:13,5
DA:14,3
DA:17,1
DA:28,1
DA:29,5
DA:31,5
DA:32,11
DA:33,8
DA:34,8
DA:36,8
DA:37,8
DA:49,1
DA:50,3
DA:51,3
DA:52,3
DA:53,3
DA:54,5
DA:55,5
DA:56,5
DA:58,5
DA:59,4
DA:60,4
DA:62,1
DA:63,1
DA:67,3
DA:70,1
LF:31
LH:31
BRDA:8,0,0,0
BRDA:11,1,0,5
BRDA:11,1,1,1
BRDA:28,2,0,0
BRDA:32,3,0,8
BRDA:49,4,0,0
BRDA:58,5,0,4
BRDA:58,5,1,1
BRF:8
BRH:5
end_of_record
