TN:
SF:src/lib/utils.ts
FN:8,debounce
FN:10,(anonymous_1)
FN:13,(anonymous_2)
FN:28,throttle
FN:31,(anonymous_4)
FN:36,(anonymous_5)
FN:49,frequency
FN:53,(anonymous_7)
FN:62,(anonymous_8)
FNF:9
FNH:3
FNDA:4,debounce
FNDA:6,(anonymous_1)
FNDA:3,(anonymous_2)
FNDA:0,throttle
FNDA:0,(anonymous_4)
FNDA:0,(anonymous_5)
FNDA:0,frequency
FNDA:0,(anonymous_7)
FNDA:0,(anonymous_8)
DA:8,1
DA:9,4
DA:10,4
DA:11,6
DA:12,5
DA:13,5
DA:14,3
DA:17,1
DA:28,1
DA:29,0
DA:31,0
DA:32,0
DA:33,0
DA:34,0
DA:36,0
DA:37,0
DA:49,1
DA:50,0
DA:51,0
DA:52,0
DA:53,0
DA:54,0
DA:55,0
DA:56,0
DA:58,0
DA:59,0
DA:60,0
DA:62,0
DA:63,0
DA:67,0
DA:70,1
LF:31
LH:11
BRDA:8,0,0,0
BRDA:11,1,0,5
BRDA:11,1,1,1
BRDA:28,2,0,0
BRDA:32,3,0,0
BRDA:49,4,0,0
BRDA:58,5,0,0
BRDA:58,5,1,0
BRF:8
BRH:2
end_of_record
